2023-12-14 19:32:40.969 [info] Extension host with pid 71 started
2023-12-14 19:32:40.969 [error] Error: EEXIST: file already exists, open '/home/kndnao621/.vscode-server/data/User/workspaceStorage/b05c208b7979169cbeeab68806a4168a/vscode.lock'
2023-12-14 19:32:40.975 [info] Lock '/home/kndnao621/.vscode-server/data/User/workspaceStorage/b05c208b7979169cbeeab68806a4168a/vscode.lock': Could not acquire lock, checking if the file is stale.
2023-12-14 19:32:40.985 [info] Lock '/home/kndnao621/.vscode-server/data/User/workspaceStorage/b05c208b7979169cbeeab68806a4168a/vscode.lock': The pid 113 appears to be gone.
2023-12-14 19:32:40.986 [info] Lock '/home/kndnao621/.vscode-server/data/User/workspaceStorage/b05c208b7979169cbeeab68806a4168a/vscode.lock': Deleting a stale lock.
2023-12-14 19:32:41.002 [info] Lock '/home/kndnao621/.vscode-server/data/User/workspaceStorage/b05c208b7979169cbeeab68806a4168a/vscode.lock': Lock acquired.
2023-12-14 19:32:41.097 [info] ExtensionService#_doActivateExtension vscode.emmet, startup: false, activationEvent: 'onLanguage'
2023-12-14 19:32:41.098 [info] ExtensionService#_doActivateExtension vscode.html-language-features, startup: false, activationEvent: 'onLanguage:html'
2023-12-14 19:32:41.099 [info] ExtensionService#_doActivateExtension vscode.css-language-features, startup: false, activationEvent: 'onLanguage:css'
2023-12-14 19:32:41.982 [info] ExtensionService#_doActivateExtension vscode.git-base, startup: true, activationEvent: '*', root cause: vscode.git
2023-12-14 19:32:42.018 [info] ExtensionService#_doActivateExtension vscode.git, startup: true, activationEvent: '*'
2023-12-14 19:32:42.018 [info] ExtensionService#_doActivateExtension vscode.github, startup: true, activationEvent: '*'
2023-12-14 19:32:42.227 [info] Eager extensions activated
2023-12-14 19:32:42.227 [info] ExtensionService#_doActivateExtension vscode.debug-auto-launch, startup: false, activationEvent: 'onStartupFinished'
2023-12-14 19:32:42.227 [info] ExtensionService#_doActivateExtension vscode.merge-conflict, startup: false, activationEvent: 'onStartupFinished'
2023-12-14 19:32:42.443 [warning] [Decorations] CAPPING events from decorations provider vscode.git 1266
2023-12-14 19:32:42.501 [warning] [Decorations] CAPPING events from decorations provider vscode.git 1266
2023-12-14 19:32:47.124 [warning] [Decorations] CAPPING events from decorations provider vscode.git 1266
2023-12-14 19:32:52.162 [warning] [Decorations] CAPPING events from decorations provider vscode.git 1266
2023-12-14 19:32:57.200 [warning] [Decorations] CAPPING events from decorations provider vscode.git 1266
2023-12-14 19:33:35.409 [warning] [Decorations] CAPPING events from decorations provider vscode.git 1266
2023-12-14 19:33:40.444 [warning] [Decorations] CAPPING events from decorations provider vscode.git 1266
2023-12-14 19:33:45.478 [warning] [Decorations] CAPPING events from decorations provider vscode.git 1266
2023-12-14 19:33:50.514 [warning] [Decorations] CAPPING events from decorations provider vscode.git 1266
2023-12-14 19:33:55.546 [warning] [Decorations] CAPPING events from decorations provider vscode.git 1266
2023-12-14 19:34:00.573 [warning] [Decorations] CAPPING events from decorations provider vscode.git 1266
2023-12-14 19:34:07.147 [warning] [Decorations] CAPPING events from decorations provider vscode.git 1266
2023-12-14 19:34:12.172 [warning] [Decorations] CAPPING events from decorations provider vscode.git 1266
2023-12-14 19:34:17.206 [warning] [Decorations] CAPPING events from decorations provider vscode.git 1266
2023-12-14 19:34:22.235 [warning] [Decorations] CAPPING events from decorations provider vscode.git 1266
2023-12-14 19:34:27.266 [warning] [Decorations] CAPPING events from decorations provider vscode.git 1266
2023-12-14 19:34:33.156 [warning] [Decorations] CAPPING events from decorations provider vscode.git 1266
2023-12-14 19:34:38.183 [warning] [Decorations] CAPPING events from decorations provider vscode.git 1266
2023-12-14 19:34:43.210 [warning] [Decorations] CAPPING events from decorations provider vscode.git 1266
2023-12-14 19:34:48.243 [warning] [Decorations] CAPPING events from decorations provider vscode.git 1266
2023-12-14 19:34:53.272 [warning] [Decorations] CAPPING events from decorations provider vscode.git 1266
2023-12-14 19:34:58.301 [warning] [Decorations] CAPPING events from decorations provider vscode.git 1266
2023-12-14 19:35:03.330 [warning] [Decorations] CAPPING events from decorations provider vscode.git 1266
2023-12-14 19:35:08.365 [warning] [Decorations] CAPPING events from decorations provider vscode.git 1266
2023-12-14 19:35:13.400 [warning] [Decorations] CAPPING events from decorations provider vscode.git 1266
2023-12-14 19:35:18.434 [warning] [Decorations] CAPPING events from decorations provider vscode.git 1266
2023-12-14 19:35:23.465 [warning] [Decorations] CAPPING events from decorations provider vscode.git 1266
2023-12-14 19:35:28.495 [warning] [Decorations] CAPPING events from decorations provider vscode.git 1266
2023-12-14 19:35:33.523 [warning] [Decorations] CAPPING events from decorations provider vscode.git 1266
2023-12-14 19:35:38.555 [warning] [Decorations] CAPPING events from decorations provider vscode.git 1266
2023-12-14 19:35:43.581 [warning] [Decorations] CAPPING events from decorations provider vscode.git 1266
2023-12-14 19:35:48.613 [warning] [Decorations] CAPPING events from decorations provider vscode.git 1266
2023-12-14 19:35:53.651 [warning] [Decorations] CAPPING events from decorations provider vscode.git 1266
2023-12-14 19:36:01.182 [warning] [Decorations] CAPPING events from decorations provider vscode.git 1266
2023-12-14 19:36:06.207 [warning] [Decorations] CAPPING events from decorations provider vscode.git 1266
2023-12-14 19:36:11.239 [warning] [Decorations] CAPPING events from decorations provider vscode.git 1266
2023-12-14 19:36:16.284 [warning] [Decorations] CAPPING events from decorations provider vscode.git 1266
2023-12-14 19:36:21.313 [warning] [Decorations] CAPPING events from decorations provider vscode.git 1266
2023-12-14 19:36:27.194 [warning] [Decorations] CAPPING events from decorations provider vscode.git 1266
2023-12-14 19:36:32.227 [warning] [Decorations] CAPPING events from decorations provider vscode.git 1266
2023-12-14 19:36:37.258 [warning] [Decorations] CAPPING events from decorations provider vscode.git 1266
2023-12-14 19:36:42.293 [warning] [Decorations] CAPPING events from decorations provider vscode.git 1266
2023-12-14 19:36:47.331 [warning] [Decorations] CAPPING events from decorations provider vscode.git 1266
2023-12-14 19:36:52.360 [warning] [Decorations] CAPPING events from decorations provider vscode.git 1266
2023-12-14 19:36:57.387 [warning] [Decorations] CAPPING events from decorations provider vscode.git 1266
2023-12-14 19:37:02.418 [warning] [Decorations] CAPPING events from decorations provider vscode.git 1266
2023-12-14 19:37:07.447 [warning] [Decorations] CAPPING events from decorations provider vscode.git 1266
2023-12-14 19:37:12.475 [warning] [Decorations] CAPPING events from decorations provider vscode.git 1266
2023-12-14 19:37:17.505 [warning] [Decorations] CAPPING events from decorations provider vscode.git 1266
2023-12-14 19:37:22.536 [warning] [Decorations] CAPPING events from decorations provider vscode.git 1266
2023-12-14 19:37:27.566 [warning] [Decorations] CAPPING events from decorations provider vscode.git 1266
2023-12-14 19:37:32.596 [warning] [Decorations] CAPPING events from decorations provider vscode.git 1266
2023-12-14 19:37:37.627 [warning] [Decorations] CAPPING events from decorations provider vscode.git 1266
2023-12-14 19:37:42.661 [warning] [Decorations] CAPPING events from decorations provider vscode.git 1266
2023-12-14 19:37:47.691 [warning] [Decorations] CAPPING events from decorations provider vscode.git 1266
2023-12-14 19:37:52.719 [warning] [Decorations] CAPPING events from decorations provider vscode.git 1266
2023-12-14 19:37:57.745 [warning] [Decorations] CAPPING events from decorations provider vscode.git 1266
2023-12-14 19:38:02.775 [warning] [Decorations] CAPPING events from decorations provider vscode.git 1266
2023-12-14 19:38:07.809 [warning] [Decorations] CAPPING events from decorations provider vscode.git 1266
2023-12-14 19:38:12.845 [warning] [Decorations] CAPPING events from decorations provider vscode.git 1266
2023-12-14 19:38:17.875 [warning] [Decorations] CAPPING events from decorations provider vscode.git 1266
2023-12-14 19:38:22.903 [warning] [Decorations] CAPPING events from decorations provider vscode.git 1266
2023-12-14 19:38:27.934 [warning] [Decorations] CAPPING events from decorations provider vscode.git 1266
2023-12-14 19:38:32.964 [warning] [Decorations] CAPPING events from decorations provider vscode.git 1266
2023-12-14 19:38:38.001 [warning] [Decorations] CAPPING events from decorations provider vscode.git 1266
2023-12-14 19:38:43.033 [warning] [Decorations] CAPPING events from decorations provider vscode.git 1266
2023-12-14 19:38:48.058 [warning] [Decorations] CAPPING events from decorations provider vscode.git 1266
2023-12-14 19:38:53.093 [warning] [Decorations] CAPPING events from decorations provider vscode.git 1266
2023-12-14 19:38:58.388 [warning] [Decorations] CAPPING events from decorations provider vscode.git 1266
2023-12-14 19:39:03.412 [warning] [Decorations] CAPPING events from decorations provider vscode.git 1266
2023-12-14 19:39:08.444 [warning] [Decorations] CAPPING events from decorations provider vscode.git 1266
2023-12-14 19:39:13.475 [warning] [Decorations] CAPPING events from decorations provider vscode.git 1266
2023-12-14 19:39:18.512 [warning] [Decorations] CAPPING events from decorations provider vscode.git 1266
2023-12-14 19:39:23.544 [warning] [Decorations] CAPPING events from decorations provider vscode.git 1266
2023-12-14 19:39:28.573 [warning] [Decorations] CAPPING events from decorations provider vscode.git 1266
2023-12-14 19:39:33.604 [warning] [Decorations] CAPPING events from decorations provider vscode.git 1266
2023-12-14 19:39:44.235 [warning] [Decorations] CAPPING events from decorations provider vscode.git 1266
2023-12-14 19:39:54.671 [warning] [Decorations] CAPPING events from decorations provider vscode.git 1266
2023-12-14 19:39:59.706 [warning] [Decorations] CAPPING events from decorations provider vscode.git 1266
2023-12-14 19:40:11.475 [warning] [Decorations] CAPPING events from decorations provider vscode.git 1266
2023-12-14 19:40:16.507 [warning] [Decorations] CAPPING events from decorations provider vscode.git 1266
2023-12-14 19:40:21.540 [warning] [Decorations] CAPPING events from decorations provider vscode.git 1266
2023-12-14 19:40:26.569 [warning] [Decorations] CAPPING events from decorations provider vscode.git 1266
2023-12-14 19:40:31.598 [warning] [Decorations] CAPPING events from decorations provider vscode.git 1266
2023-12-14 19:40:36.641 [warning] [Decorations] CAPPING events from decorations provider vscode.git 1266
2023-12-14 19:40:41.671 [warning] [Decorations] CAPPING events from decorations provider vscode.git 1266
2023-12-14 19:40:46.704 [warning] [Decorations] CAPPING events from decorations provider vscode.git 1266
2023-12-14 19:40:51.739 [warning] [Decorations] CAPPING events from decorations provider vscode.git 1266
2023-12-14 19:40:56.767 [warning] [Decorations] CAPPING events from decorations provider vscode.git 1266
2023-12-14 19:41:01.796 [warning] [Decorations] CAPPING events from decorations provider vscode.git 1266
2023-12-14 19:41:07.435 [warning] [Decorations] CAPPING events from decorations provider vscode.git 1266
2023-12-14 19:41:12.461 [warning] [Decorations] CAPPING events from decorations provider vscode.git 1266
2023-12-14 19:41:17.496 [warning] [Decorations] CAPPING events from decorations provider vscode.git 1266
2023-12-14 19:41:22.528 [warning] [Decorations] CAPPING events from decorations provider vscode.git 1266
2023-12-14 19:41:27.558 [warning] [Decorations] CAPPING events from decorations provider vscode.git 1266
2023-12-14 19:41:32.586 [warning] [Decorations] CAPPING events from decorations provider vscode.git 1266
2023-12-14 19:41:37.615 [warning] [Decorations] CAPPING events from decorations provider vscode.git 1266
2023-12-14 19:41:42.652 [warning] [Decorations] CAPPING events from decorations provider vscode.git 1266
2023-12-14 19:41:47.683 [warning] [Decorations] CAPPING events from decorations provider vscode.git 1266
2023-12-14 19:41:52.712 [warning] [Decorations] CAPPING events from decorations provider vscode.git 1266
2023-12-14 19:41:57.742 [warning] [Decorations] CAPPING events from decorations provider vscode.git 1266
2023-12-14 19:42:02.775 [warning] [Decorations] CAPPING events from decorations provider vscode.git 1266
2023-12-14 19:42:07.804 [warning] [Decorations] CAPPING events from decorations provider vscode.git 1266
2023-12-14 19:42:12.832 [warning] [Decorations] CAPPING events from decorations provider vscode.git 1266
2023-12-14 19:42:20.456 [warning] [Decorations] CAPPING events from decorations provider vscode.git 1266
2023-12-14 19:42:25.488 [warning] [Decorations] CAPPING events from decorations provider vscode.git 1266
2023-12-14 19:42:30.521 [warning] [Decorations] CAPPING events from decorations provider vscode.git 1266
2023-12-14 19:42:35.547 [warning] [Decorations] CAPPING events from decorations provider vscode.git 1266
2023-12-14 19:42:40.577 [warning] [Decorations] CAPPING events from decorations provider vscode.git 1266
2023-12-14 19:42:45.608 [warning] [Decorations] CAPPING events from decorations provider vscode.git 1266
2023-12-14 19:42:50.637 [warning] [Decorations] CAPPING events from decorations provider vscode.git 1266
2023-12-14 19:42:55.664 [warning] [Decorations] CAPPING events from decorations provider vscode.git 1266
2023-12-14 19:43:00.695 [warning] [Decorations] CAPPING events from decorations provider vscode.git 1266
2023-12-14 19:43:05.724 [warning] [Decorations] CAPPING events from decorations provider vscode.git 1266
2023-12-14 19:43:10.753 [warning] [Decorations] CAPPING events from decorations provider vscode.git 1266
2023-12-14 19:43:15.781 [warning] [Decorations] CAPPING events from decorations provider vscode.git 1266
2023-12-14 19:43:20.815 [warning] [Decorations] CAPPING events from decorations provider vscode.git 1266
2023-12-14 19:43:25.845 [warning] [Decorations] CAPPING events from decorations provider vscode.git 1266
2023-12-14 19:43:30.876 [warning] [Decorations] CAPPING events from decorations provider vscode.git 1266
2023-12-14 19:43:35.903 [warning] [Decorations] CAPPING events from decorations provider vscode.git 1266
2023-12-14 19:43:40.934 [warning] [Decorations] CAPPING events from decorations provider vscode.git 1266
2023-12-14 19:43:45.970 [warning] [Decorations] CAPPING events from decorations provider vscode.git 1266
2023-12-14 19:43:50.999 [warning] [Decorations] CAPPING events from decorations provider vscode.git 1266
2023-12-14 19:43:56.025 [warning] [Decorations] CAPPING events from decorations provider vscode.git 1266
2023-12-14 19:44:01.056 [warning] [Decorations] CAPPING events from decorations provider vscode.git 1266
2023-12-14 19:44:06.085 [warning] [Decorations] CAPPING events from decorations provider vscode.git 1266
2023-12-14 19:44:11.114 [warning] [Decorations] CAPPING events from decorations provider vscode.git 1266
2023-12-14 19:44:16.144 [warning] [Decorations] CAPPING events from decorations provider vscode.git 1266
2023-12-14 19:44:21.172 [warning] [Decorations] CAPPING events from decorations provider vscode.git 1266
2023-12-14 19:44:26.200 [warning] [Decorations] CAPPING events from decorations provider vscode.git 1266
2023-12-14 19:44:31.226 [warning] [Decorations] CAPPING events from decorations provider vscode.git 1266
2023-12-14 19:44:36.526 [warning] [Decorations] CAPPING events from decorations provider vscode.git 1266
2023-12-14 19:44:41.555 [warning] [Decorations] CAPPING events from decorations provider vscode.git 1266
2023-12-14 19:44:46.583 [warning] [Decorations] CAPPING events from decorations provider vscode.git 1266
2023-12-14 19:44:51.609 [warning] [Decorations] CAPPING events from decorations provider vscode.git 1266
2023-12-14 19:44:56.637 [warning] [Decorations] CAPPING events from decorations provider vscode.git 1266
2023-12-14 19:45:01.669 [warning] [Decorations] CAPPING events from decorations provider vscode.git 1266
2023-12-14 19:45:06.705 [warning] [Decorations] CAPPING events from decorations provider vscode.git 1266
2023-12-14 19:45:11.734 [warning] [Decorations] CAPPING events from decorations provider vscode.git 1266
2023-12-14 19:45:16.766 [warning] [Decorations] CAPPING events from decorations provider vscode.git 1266
2023-12-14 19:45:21.795 [warning] [Decorations] CAPPING events from decorations provider vscode.git 1266
2023-12-14 19:45:26.826 [warning] [Decorations] CAPPING events from decorations provider vscode.git 1266
2023-12-14 19:45:31.855 [warning] [Decorations] CAPPING events from decorations provider vscode.git 1266
2023-12-14 19:45:36.882 [warning] [Decorations] CAPPING events from decorations provider vscode.git 1266
2023-12-14 19:45:41.914 [warning] [Decorations] CAPPING events from decorations provider vscode.git 1266
2023-12-14 19:45:46.948 [warning] [Decorations] CAPPING events from decorations provider vscode.git 1266
2023-12-14 19:45:51.980 [warning] [Decorations] CAPPING events from decorations provider vscode.git 1266
2023-12-14 19:45:57.552 [warning] [Decorations] CAPPING events from decorations provider vscode.git 1266
2023-12-14 19:46:03.552 [warning] [Decorations] CAPPING events from decorations provider vscode.git 1266
2023-12-14 19:46:08.582 [warning] [Decorations] CAPPING events from decorations provider vscode.git 1266
2023-12-14 19:46:18.575 [warning] [Decorations] CAPPING events from decorations provider vscode.git 1266
2023-12-14 19:46:23.606 [warning] [Decorations] CAPPING events from decorations provider vscode.git 1266
2023-12-14 19:46:28.637 [warning] [Decorations] CAPPING events from decorations provider vscode.git 1266
2023-12-14 19:46:33.666 [warning] [Decorations] CAPPING events from decorations provider vscode.git 1266
2023-12-14 19:46:38.697 [warning] [Decorations] CAPPING events from decorations provider vscode.git 1266
2023-12-14 19:46:43.740 [warning] [Decorations] CAPPING events from decorations provider vscode.git 1266
2023-12-14 19:46:48.778 [warning] [Decorations] CAPPING events from decorations provider vscode.git 1266
2023-12-14 19:46:53.811 [warning] [Decorations] CAPPING events from decorations provider vscode.git 1266
2023-12-14 19:46:58.881 [warning] [Decorations] CAPPING events from decorations provider vscode.git 1266
2023-12-14 19:47:03.926 [warning] [Decorations] CAPPING events from decorations provider vscode.git 1266
2023-12-14 19:47:08.963 [warning] [Decorations] CAPPING events from decorations provider vscode.git 1266
2023-12-14 19:47:14.002 [warning] [Decorations] CAPPING events from decorations provider vscode.git 1266
2023-12-14 19:47:19.041 [warning] [Decorations] CAPPING events from decorations provider vscode.git 1266
2023-12-14 19:47:24.097 [warning] [Decorations] CAPPING events from decorations provider vscode.git 1266
2023-12-14 19:47:29.137 [warning] [Decorations] CAPPING events from decorations provider vscode.git 1266
2023-12-14 19:47:34.598 [warning] [Decorations] CAPPING events from decorations provider vscode.git 1266
2023-12-14 19:47:39.650 [warning] [Decorations] CAPPING events from decorations provider vscode.git 1266
2023-12-14 19:47:45.597 [warning] [Decorations] CAPPING events from decorations provider vscode.git 1266
2023-12-14 19:47:50.635 [warning] [Decorations] CAPPING events from decorations provider vscode.git 1266
2023-12-14 19:47:56.601 [warning] [Decorations] CAPPING events from decorations provider vscode.git 1266
2023-12-14 19:48:01.666 [warning] [Decorations] CAPPING events from decorations provider vscode.git 1266
2023-12-14 19:48:06.708 [warning] [Decorations] CAPPING events from decorations provider vscode.git 1266
2023-12-14 19:48:11.762 [warning] [Decorations] CAPPING events from decorations provider vscode.git 1266
2023-12-14 19:48:16.813 [warning] [Decorations] CAPPING events from decorations provider vscode.git 1266
2023-12-14 19:48:21.854 [warning] [Decorations] CAPPING events from decorations provider vscode.git 1266
2023-12-14 19:48:26.886 [warning] [Decorations] CAPPING events from decorations provider vscode.git 1266
2023-12-14 19:48:31.920 [warning] [Decorations] CAPPING events from decorations provider vscode.git 1266
2023-12-14 19:48:36.954 [warning] [Decorations] CAPPING events from decorations provider vscode.git 1266
2023-12-14 19:48:41.985 [warning] [Decorations] CAPPING events from decorations provider vscode.git 1266
2023-12-14 19:48:47.021 [warning] [Decorations] CAPPING events from decorations provider vscode.git 1266
2023-12-14 19:48:52.055 [warning] [Decorations] CAPPING events from decorations provider vscode.git 1266
2023-12-14 19:48:57.089 [warning] [Decorations] CAPPING events from decorations provider vscode.git 1266
2023-12-14 19:49:02.616 [warning] [Decorations] CAPPING events from decorations provider vscode.git 1266
2023-12-14 19:49:07.648 [warning] [Decorations] CAPPING events from decorations provider vscode.git 1266
2023-12-14 19:49:14.619 [warning] [Decorations] CAPPING events from decorations provider vscode.git 1266
2023-12-14 19:49:19.655 [warning] [Decorations] CAPPING events from decorations provider vscode.git 1266
2023-12-14 19:49:24.694 [warning] [Decorations] CAPPING events from decorations provider vscode.git 1266
2023-12-14 19:49:29.730 [warning] [Decorations] CAPPING events from decorations provider vscode.git 1266
2023-12-14 19:49:34.770 [warning] [Decorations] CAPPING events from decorations provider vscode.git 1266
2023-12-14 19:49:39.805 [warning] [Decorations] CAPPING events from decorations provider vscode.git 1266
2023-12-14 19:49:44.836 [warning] [Decorations] CAPPING events from decorations provider vscode.git 1266
2023-12-14 19:49:49.870 [warning] [Decorations] CAPPING events from decorations provider vscode.git 1266
2023-12-14 19:49:54.902 [warning] [Decorations] CAPPING events from decorations provider vscode.git 1266
2023-12-14 19:49:59.932 [warning] [Decorations] CAPPING events from decorations provider vscode.git 1266
2023-12-14 19:50:04.966 [warning] [Decorations] CAPPING events from decorations provider vscode.git 1266
2023-12-14 19:50:09.997 [warning] [Decorations] CAPPING events from decorations provider vscode.git 1266
2023-12-14 19:50:15.035 [warning] [Decorations] CAPPING events from decorations provider vscode.git 1266
2023-12-14 19:50:20.069 [warning] [Decorations] CAPPING events from decorations provider vscode.git 1266
2023-12-14 19:50:25.128 [warning] [Decorations] CAPPING events from decorations provider vscode.git 1266
2023-12-14 19:50:30.161 [warning] [Decorations] CAPPING events from decorations provider vscode.git 1266
2023-12-14 19:50:35.198 [warning] [Decorations] CAPPING events from decorations provider vscode.git 1266
2023-12-14 19:50:42.641 [warning] [Decorations] CAPPING events from decorations provider vscode.git 1266
2023-12-14 20:02:23.860 [warning] [Decorations] CAPPING events from decorations provider vscode.git 1266
2023-12-14 20:02:28.895 [warning] [Decorations] CAPPING events from decorations provider vscode.git 1266
2023-12-14 20:02:33.921 [warning] [Decorations] CAPPING events from decorations provider vscode.git 1266
2023-12-14 20:02:38.953 [warning] [Decorations] CAPPING events from decorations provider vscode.git 1266
2023-12-14 20:02:43.989 [warning] [Decorations] CAPPING events from decorations provider vscode.git 1266
2023-12-14 20:03:04.272 [warning] [Decorations] CAPPING events from decorations provider vscode.git 1266
2023-12-14 20:03:09.303 [warning] [Decorations] CAPPING events from decorations provider vscode.git 1266
2023-12-14 20:03:14.333 [warning] [Decorations] CAPPING events from decorations provider vscode.git 1266
2023-12-14 20:03:19.362 [warning] [Decorations] CAPPING events from decorations provider vscode.git 1266
2023-12-14 20:03:24.393 [warning] [Decorations] CAPPING events from decorations provider vscode.git 1266
2023-12-14 20:03:29.419 [warning] [Decorations] CAPPING events from decorations provider vscode.git 1266
2023-12-14 20:03:34.449 [warning] [Decorations] CAPPING events from decorations provider vscode.git 1266
2023-12-14 20:03:39.477 [warning] [Decorations] CAPPING events from decorations provider vscode.git 1266
2023-12-14 20:03:44.506 [warning] [Decorations] CAPPING events from decorations provider vscode.git 1266
2023-12-14 20:03:49.532 [warning] [Decorations] CAPPING events from decorations provider vscode.git 1266
2023-12-14 20:03:54.562 [warning] [Decorations] CAPPING events from decorations provider vscode.git 1266
2023-12-14 20:03:59.917 [warning] [Decorations] CAPPING events from decorations provider vscode.git 1266
2023-12-14 20:04:04.946 [warning] [Decorations] CAPPING events from decorations provider vscode.git 1266
2023-12-14 20:04:09.979 [warning] [Decorations] CAPPING events from decorations provider vscode.git 1266
2023-12-14 20:04:15.012 [warning] [Decorations] CAPPING events from decorations provider vscode.git 1266
2023-12-14 20:04:20.043 [warning] [Decorations] CAPPING events from decorations provider vscode.git 1266
2023-12-14 20:04:25.076 [warning] [Decorations] CAPPING events from decorations provider vscode.git 1266
2023-12-14 20:04:30.106 [warning] [Decorations] CAPPING events from decorations provider vscode.git 1266
2023-12-14 20:04:35.134 [warning] [Decorations] CAPPING events from decorations provider vscode.git 1266
2023-12-14 20:04:40.165 [warning] [Decorations] CAPPING events from decorations provider vscode.git 1266
2023-12-14 20:04:45.194 [warning] [Decorations] CAPPING events from decorations provider vscode.git 1266
2023-12-14 20:04:50.226 [warning] [Decorations] CAPPING events from decorations provider vscode.git 1266
2023-12-14 20:04:55.258 [warning] [Decorations] CAPPING events from decorations provider vscode.git 1266
2023-12-14 20:05:00.285 [warning] [Decorations] CAPPING events from decorations provider vscode.git 1266
2023-12-14 20:05:05.314 [warning] [Decorations] CAPPING events from decorations provider vscode.git 1266
2023-12-14 20:05:10.346 [warning] [Decorations] CAPPING events from decorations provider vscode.git 1266
2023-12-14 20:05:15.375 [warning] [Decorations] CAPPING events from decorations provider vscode.git 1266
2023-12-14 20:05:20.933 [warning] [Decorations] CAPPING events from decorations provider vscode.git 1266
2023-12-14 20:05:25.965 [warning] [Decorations] CAPPING events from decorations provider vscode.git 1266
2023-12-14 20:05:30.994 [warning] [Decorations] CAPPING events from decorations provider vscode.git 1266
2023-12-14 20:05:36.026 [warning] [Decorations] CAPPING events from decorations provider vscode.git 1266
2023-12-14 20:05:41.052 [warning] [Decorations] CAPPING events from decorations provider vscode.git 1266
2023-12-14 20:05:46.080 [warning] [Decorations] CAPPING events from decorations provider vscode.git 1266
2023-12-14 20:05:51.112 [warning] [Decorations] CAPPING events from decorations provider vscode.git 1266
2023-12-14 20:05:56.142 [warning] [Decorations] CAPPING events from decorations provider vscode.git 1266
2023-12-14 20:06:01.171 [warning] [Decorations] CAPPING events from decorations provider vscode.git 1266
2023-12-14 20:06:06.198 [warning] [Decorations] CAPPING events from decorations provider vscode.git 1266
2023-12-14 20:06:11.227 [warning] [Decorations] CAPPING events from decorations provider vscode.git 1266
2023-12-14 20:06:16.260 [warning] [Decorations] CAPPING events from decorations provider vscode.git 1266
2023-12-14 20:06:21.290 [warning] [Decorations] CAPPING events from decorations provider vscode.git 1266
2023-12-14 20:06:26.319 [warning] [Decorations] CAPPING events from decorations provider vscode.git 1266
2023-12-14 20:06:31.348 [warning] [Decorations] CAPPING events from decorations provider vscode.git 1266
2023-12-14 20:06:36.384 [warning] [Decorations] CAPPING events from decorations provider vscode.git 1266
2023-12-14 20:06:41.415 [warning] [Decorations] CAPPING events from decorations provider vscode.git 1266
2023-12-14 20:06:46.961 [warning] [Decorations] CAPPING events from decorations provider vscode.git 1266
2023-12-14 20:06:51.989 [warning] [Decorations] CAPPING events from decorations provider vscode.git 1266
2023-12-14 20:06:57.018 [warning] [Decorations] CAPPING events from decorations provider vscode.git 1266
2023-12-14 20:07:02.051 [warning] [Decorations] CAPPING events from decorations provider vscode.git 1266
2023-12-14 20:07:36.350 [warning] [Decorations] CAPPING events from decorations provider vscode.git 1266
2023-12-14 20:07:41.387 [warning] [Decorations] CAPPING events from decorations provider vscode.git 1266
2023-12-14 20:07:46.422 [warning] [Decorations] CAPPING events from decorations provider vscode.git 1266
2023-12-14 20:07:51.457 [warning] [Decorations] CAPPING events from decorations provider vscode.git 1266
2023-12-14 20:07:56.486 [warning] [Decorations] CAPPING events from decorations provider vscode.git 1266
2023-12-14 20:08:01.513 [warning] [Decorations] CAPPING events from decorations provider vscode.git 1266
2023-12-14 20:08:06.546 [warning] [Decorations] CAPPING events from decorations provider vscode.git 1266
2023-12-14 20:08:49.879 [warning] [Decorations] CAPPING events from decorations provider vscode.git 1266
2023-12-14 20:08:54.909 [warning] [Decorations] CAPPING events from decorations provider vscode.git 1266
2023-12-14 20:08:59.939 [warning] [Decorations] CAPPING events from decorations provider vscode.git 1266
2023-12-14 20:09:04.965 [warning] [Decorations] CAPPING events from decorations provider vscode.git 1266
2023-12-14 20:09:10.000 [warning] [Decorations] CAPPING events from decorations provider vscode.git 1266
2023-12-14 20:09:15.029 [warning] [Decorations] CAPPING events from decorations provider vscode.git 1266
2023-12-14 20:09:20.057 [warning] [Decorations] CAPPING events from decorations provider vscode.git 1266
2023-12-14 20:09:25.087 [warning] [Decorations] CAPPING events from decorations provider vscode.git 1266
2023-12-14 20:09:52.239 [warning] [Decorations] CAPPING events from decorations provider vscode.git 1266
2023-12-14 20:09:57.280 [warning] [Decorations] CAPPING events from decorations provider vscode.git 1266
2023-12-14 20:10:02.318 [warning] [Decorations] CAPPING events from decorations provider vscode.git 1266
2023-12-14 20:10:07.347 [warning] [Decorations] CAPPING events from decorations provider vscode.git 1266
2023-12-14 20:10:12.386 [warning] [Decorations] CAPPING events from decorations provider vscode.git 1266
2023-12-14 20:10:17.417 [warning] [Decorations] CAPPING events from decorations provider vscode.git 1266
2023-12-14 20:10:22.449 [warning] [Decorations] CAPPING events from decorations provider vscode.git 1266
2023-12-14 20:10:27.482 [warning] [Decorations] CAPPING events from decorations provider vscode.git 1266
2023-12-14 20:10:33.098 [warning] [Decorations] CAPPING events from decorations provider vscode.git 1266
2023-12-14 20:11:30.251 [warning] [Decorations] CAPPING events from decorations provider vscode.git 1266
2023-12-14 20:11:35.278 [warning] [Decorations] CAPPING events from decorations provider vscode.git 1266
2023-12-14 20:11:40.305 [warning] [Decorations] CAPPING events from decorations provider vscode.git 1266
2023-12-14 20:11:45.333 [warning] [Decorations] CAPPING events from decorations provider vscode.git 1266
2023-12-14 20:11:50.370 [warning] [Decorations] CAPPING events from decorations provider vscode.git 1266
2023-12-14 20:11:55.405 [warning] [Decorations] CAPPING events from decorations provider vscode.git 1266
2023-12-14 20:12:00.434 [warning] [Decorations] CAPPING events from decorations provider vscode.git 1266
2023-12-14 20:12:05.466 [warning] [Decorations] CAPPING events from decorations provider vscode.git 1266
2023-12-14 20:12:10.496 [warning] [Decorations] CAPPING events from decorations provider vscode.git 1266
2023-12-14 20:12:21.353 [warning] [Decorations] CAPPING events from decorations provider vscode.git 1266
2023-12-14 20:12:26.393 [warning] [Decorations] CAPPING events from decorations provider vscode.git 1266
2023-12-14 20:12:31.423 [warning] [Decorations] CAPPING events from decorations provider vscode.git 1266
2023-12-14 20:13:08.459 [warning] [Decorations] CAPPING events from decorations provider vscode.git 1266
2023-12-14 20:13:13.491 [warning] [Decorations] CAPPING events from decorations provider vscode.git 1266
2023-12-14 20:13:18.522 [warning] [Decorations] CAPPING events from decorations provider vscode.git 1266
2023-12-14 20:13:24.189 [warning] [Decorations] CAPPING events from decorations provider vscode.git 1266
2023-12-14 20:13:29.222 [warning] [Decorations] CAPPING events from decorations provider vscode.git 1266
2023-12-14 20:13:34.248 [warning] [Decorations] CAPPING events from decorations provider vscode.git 1266
2023-12-14 20:13:39.277 [warning] [Decorations] CAPPING events from decorations provider vscode.git 1266
2023-12-14 20:13:44.307 [warning] [Decorations] CAPPING events from decorations provider vscode.git 1266
2023-12-14 20:13:49.335 [warning] [Decorations] CAPPING events from decorations provider vscode.git 1266
2023-12-14 20:13:54.366 [warning] [Decorations] CAPPING events from decorations provider vscode.git 1266
2023-12-14 20:14:22.913 [warning] [Decorations] CAPPING events from decorations provider vscode.git 1266
2023-12-14 20:14:27.944 [warning] [Decorations] CAPPING events from decorations provider vscode.git 1266
2023-12-14 20:14:32.977 [warning] [Decorations] CAPPING events from decorations provider vscode.git 1266
2023-12-14 20:14:38.002 [warning] [Decorations] CAPPING events from decorations provider vscode.git 1266
2023-12-14 20:14:43.030 [warning] [Decorations] CAPPING events from decorations provider vscode.git 1266
2023-12-14 20:14:48.056 [warning] [Decorations] CAPPING events from decorations provider vscode.git 1266
2023-12-14 20:14:53.083 [warning] [Decorations] CAPPING events from decorations provider vscode.git 1266
2023-12-14 20:14:58.112 [warning] [Decorations] CAPPING events from decorations provider vscode.git 1266
2023-12-14 20:15:03.144 [warning] [Decorations] CAPPING events from decorations provider vscode.git 1266
2023-12-14 20:15:08.170 [warning] [Decorations] CAPPING events from decorations provider vscode.git 1266
2023-12-14 20:15:13.201 [warning] [Decorations] CAPPING events from decorations provider vscode.git 1266
2023-12-14 20:15:18.238 [warning] [Decorations] CAPPING events from decorations provider vscode.git 1266
2023-12-14 20:15:23.266 [warning] [Decorations] CAPPING events from decorations provider vscode.git 1266
2023-12-14 20:15:28.298 [warning] [Decorations] CAPPING events from decorations provider vscode.git 1266
2023-12-14 20:15:33.327 [warning] [Decorations] CAPPING events from decorations provider vscode.git 1266
2023-12-14 20:15:38.362 [warning] [Decorations] CAPPING events from decorations provider vscode.git 1266
2023-12-14 20:15:43.392 [warning] [Decorations] CAPPING events from decorations provider vscode.git 1266
2023-12-14 20:15:48.419 [warning] [Decorations] CAPPING events from decorations provider vscode.git 1266
2023-12-14 20:15:53.445 [warning] [Decorations] CAPPING events from decorations provider vscode.git 1266
2023-12-14 20:15:58.475 [warning] [Decorations] CAPPING events from decorations provider vscode.git 1266
2023-12-14 20:16:03.501 [warning] [Decorations] CAPPING events from decorations provider vscode.git 1266
2023-12-14 20:16:08.530 [warning] [Decorations] CAPPING events from decorations provider vscode.git 1266
2023-12-14 20:16:13.830 [warning] [Decorations] CAPPING events from decorations provider vscode.git 1266
2023-12-14 20:16:18.862 [warning] [Decorations] CAPPING events from decorations provider vscode.git 1266
2023-12-14 20:16:23.898 [warning] [Decorations] CAPPING events from decorations provider vscode.git 1266
2023-12-14 20:16:28.933 [warning] [Decorations] CAPPING events from decorations provider vscode.git 1266
2023-12-14 20:16:33.970 [warning] [Decorations] CAPPING events from decorations provider vscode.git 1266
2023-12-14 20:16:39.001 [warning] [Decorations] CAPPING events from decorations provider vscode.git 1266
2023-12-14 20:16:44.031 [warning] [Decorations] CAPPING events from decorations provider vscode.git 1266
2023-12-14 20:16:49.061 [warning] [Decorations] CAPPING events from decorations provider vscode.git 1266
2023-12-14 20:16:54.090 [warning] [Decorations] CAPPING events from decorations provider vscode.git 1266
2023-12-14 20:16:59.124 [warning] [Decorations] CAPPING events from decorations provider vscode.git 1266
2023-12-14 20:17:04.155 [warning] [Decorations] CAPPING events from decorations provider vscode.git 1266
2023-12-14 20:17:09.182 [warning] [Decorations] CAPPING events from decorations provider vscode.git 1266
2023-12-14 20:17:14.213 [warning] [Decorations] CAPPING events from decorations provider vscode.git 1266
2023-12-14 20:17:21.854 [warning] [Decorations] CAPPING events from decorations provider vscode.git 1266
2023-12-14 20:17:26.885 [warning] [Decorations] CAPPING events from decorations provider vscode.git 1266
2023-12-14 20:17:31.919 [warning] [Decorations] CAPPING events from decorations provider vscode.git 1266
2023-12-14 20:17:45.414 [warning] [Decorations] CAPPING events from decorations provider vscode.git 1266
2023-12-14 20:17:50.442 [warning] [Decorations] CAPPING events from decorations provider vscode.git 1266
2023-12-14 20:17:57.861 [warning] [Decorations] CAPPING events from decorations provider vscode.git 1266
2023-12-14 20:18:03.865 [warning] [Decorations] CAPPING events from decorations provider vscode.git 1266
2023-12-14 20:18:08.897 [warning] [Decorations] CAPPING events from decorations provider vscode.git 1266
2023-12-14 20:18:57.186 [warning] [Decorations] CAPPING events from decorations provider vscode.git 1266
2023-12-14 20:19:02.218 [warning] [Decorations] CAPPING events from decorations provider vscode.git 1266
2023-12-14 20:19:07.247 [warning] [Decorations] CAPPING events from decorations provider vscode.git 1266
2023-12-14 20:19:12.273 [warning] [Decorations] CAPPING events from decorations provider vscode.git 1266
2023-12-14 20:19:17.303 [warning] [Decorations] CAPPING events from decorations provider vscode.git 1266
2023-12-14 20:19:22.337 [warning] [Decorations] CAPPING events from decorations provider vscode.git 1266
2023-12-14 20:19:27.367 [warning] [Decorations] CAPPING events from decorations provider vscode.git 1266
2023-12-14 20:19:32.400 [warning] [Decorations] CAPPING events from decorations provider vscode.git 1266
2023-12-14 20:19:38.918 [warning] [Decorations] CAPPING events from decorations provider vscode.git 1266
2023-12-14 20:19:43.950 [warning] [Decorations] CAPPING events from decorations provider vscode.git 1266
2023-12-14 20:19:48.982 [warning] [Decorations] CAPPING events from decorations provider vscode.git 1266
2023-12-14 20:19:54.011 [warning] [Decorations] CAPPING events from decorations provider vscode.git 1266
2023-12-14 20:20:26.612 [warning] [Decorations] CAPPING events from decorations provider vscode.git 1266
2023-12-14 20:20:31.643 [warning] [Decorations] CAPPING events from decorations provider vscode.git 1266
2023-12-14 20:20:37.957 [warning] [Decorations] CAPPING events from decorations provider vscode.git 1266
2023-12-14 20:20:42.990 [warning] [Decorations] CAPPING events from decorations provider vscode.git 1266
2023-12-14 20:20:48.020 [warning] [Decorations] CAPPING events from decorations provider vscode.git 1266
2023-12-14 20:20:53.055 [warning] [Decorations] CAPPING events from decorations provider vscode.git 1266
2023-12-14 20:20:58.087 [warning] [Decorations] CAPPING events from decorations provider vscode.git 1266
2023-12-14 20:21:09.275 [warning] [Decorations] CAPPING events from decorations provider vscode.git 1266
2023-12-14 20:21:14.307 [warning] [Decorations] CAPPING events from decorations provider vscode.git 1266
2023-12-14 20:21:19.334 [warning] [Decorations] CAPPING events from decorations provider vscode.git 1266
2023-12-14 20:21:24.366 [warning] [Decorations] CAPPING events from decorations provider vscode.git 1266
2023-12-14 20:21:29.396 [warning] [Decorations] CAPPING events from decorations provider vscode.git 1266
2023-12-14 20:21:34.431 [warning] [Decorations] CAPPING events from decorations provider vscode.git 1266
2023-12-14 20:21:39.460 [warning] [Decorations] CAPPING events from decorations provider vscode.git 1266
2023-12-14 20:21:44.492 [warning] [Decorations] CAPPING events from decorations provider vscode.git 1266
2023-12-14 20:21:49.525 [warning] [Decorations] CAPPING events from decorations provider vscode.git 1266
2023-12-14 20:22:31.460 [warning] [Decorations] CAPPING events from decorations provider vscode.git 1266
2023-12-14 20:22:36.488 [warning] [Decorations] CAPPING events from decorations provider vscode.git 1266
2023-12-14 20:22:43.041 [warning] [Decorations] CAPPING events from decorations provider vscode.git 1266
2023-12-14 20:22:48.073 [warning] [Decorations] CAPPING events from decorations provider vscode.git 1266
2023-12-14 20:22:53.099 [warning] [Decorations] CAPPING events from decorations provider vscode.git 1266
2023-12-14 20:22:58.132 [warning] [Decorations] CAPPING events from decorations provider vscode.git 1266
2023-12-14 20:23:03.160 [warning] [Decorations] CAPPING events from decorations provider vscode.git 1266
2023-12-14 20:23:08.191 [warning] [Decorations] CAPPING events from decorations provider vscode.git 1266
2023-12-14 20:23:13.225 [warning] [Decorations] CAPPING events from decorations provider vscode.git 1266
2023-12-14 20:23:18.254 [warning] [Decorations] CAPPING events from decorations provider vscode.git 1266
2023-12-14 20:23:23.285 [warning] [Decorations] CAPPING events from decorations provider vscode.git 1266
2023-12-14 20:23:28.315 [warning] [Decorations] CAPPING events from decorations provider vscode.git 1266
2023-12-14 20:23:33.345 [warning] [Decorations] CAPPING events from decorations provider vscode.git 1266
2023-12-14 20:23:38.372 [warning] [Decorations] CAPPING events from decorations provider vscode.git 1266
2023-12-14 20:23:43.404 [warning] [Decorations] CAPPING events from decorations provider vscode.git 1266
2023-12-14 20:23:48.435 [warning] [Decorations] CAPPING events from decorations provider vscode.git 1266
2023-12-14 20:23:53.470 [warning] [Decorations] CAPPING events from decorations provider vscode.git 1266
2023-12-14 20:23:58.500 [warning] [Decorations] CAPPING events from decorations provider vscode.git 1266
2023-12-14 20:24:04.084 [warning] [Decorations] CAPPING events from decorations provider vscode.git 1266
2023-12-14 20:24:09.112 [warning] [Decorations] CAPPING events from decorations provider vscode.git 1266
2023-12-14 20:24:14.140 [warning] [Decorations] CAPPING events from decorations provider vscode.git 1266
2023-12-14 20:24:19.170 [warning] [Decorations] CAPPING events from decorations provider vscode.git 1266
2023-12-14 20:24:24.201 [warning] [Decorations] CAPPING events from decorations provider vscode.git 1266
2023-12-14 20:24:29.232 [warning] [Decorations] CAPPING events from decorations provider vscode.git 1266
2023-12-14 20:24:34.264 [warning] [Decorations] CAPPING events from decorations provider vscode.git 1266
2023-12-14 20:24:40.140 [warning] [Decorations] CAPPING events from decorations provider vscode.git 1266
2023-12-14 20:24:45.168 [warning] [Decorations] CAPPING events from decorations provider vscode.git 1266
2023-12-14 20:24:50.200 [warning] [Decorations] CAPPING events from decorations provider vscode.git 1266
2023-12-14 20:24:55.229 [warning] [Decorations] CAPPING events from decorations provider vscode.git 1266
2023-12-14 20:25:00.259 [warning] [Decorations] CAPPING events from decorations provider vscode.git 1266
2023-12-14 20:25:05.289 [warning] [Decorations] CAPPING events from decorations provider vscode.git 1266
2023-12-14 20:25:10.319 [warning] [Decorations] CAPPING events from decorations provider vscode.git 1266
2023-12-14 20:25:15.348 [warning] [Decorations] CAPPING events from decorations provider vscode.git 1266
2023-12-14 20:25:40.135 [warning] [Decorations] CAPPING events from decorations provider vscode.git 1266
2023-12-14 20:25:45.166 [warning] [Decorations] CAPPING events from decorations provider vscode.git 1266
2023-12-14 20:25:50.196 [warning] [Decorations] CAPPING events from decorations provider vscode.git 1266
2023-12-14 20:25:55.226 [warning] [Decorations] CAPPING events from decorations provider vscode.git 1266
2023-12-14 20:26:00.258 [warning] [Decorations] CAPPING events from decorations provider vscode.git 1266
2023-12-14 20:26:05.291 [warning] [Decorations] CAPPING events from decorations provider vscode.git 1266
2023-12-14 20:26:10.322 [warning] [Decorations] CAPPING events from decorations provider vscode.git 1266
2023-12-14 20:26:15.354 [warning] [Decorations] CAPPING events from decorations provider vscode.git 1266
2023-12-14 20:26:31.718 [warning] [Decorations] CAPPING events from decorations provider vscode.git 1266
2023-12-14 20:26:36.755 [warning] [Decorations] CAPPING events from decorations provider vscode.git 1268
2023-12-14 20:26:41.784 [warning] [Decorations] CAPPING events from decorations provider vscode.git 1268
2023-12-14 20:26:46.818 [warning] [Decorations] CAPPING events from decorations provider vscode.git 1268
2023-12-14 20:26:51.846 [warning] [Decorations] CAPPING events from decorations provider vscode.git 1268
2023-12-14 20:26:56.871 [warning] [Decorations] CAPPING events from decorations provider vscode.git 1268
2023-12-14 20:27:01.903 [warning] [Decorations] CAPPING events from decorations provider vscode.git 1268
2023-12-14 20:27:07.195 [warning] [Decorations] CAPPING events from decorations provider vscode.git 1268
2023-12-14 20:27:12.225 [warning] [Decorations] CAPPING events from decorations provider vscode.git 1268
2023-12-14 20:27:17.252 [warning] [Decorations] CAPPING events from decorations provider vscode.git 1268
2023-12-14 20:27:22.288 [warning] [Decorations] CAPPING events from decorations provider vscode.git 1268
2023-12-14 20:27:27.314 [warning] [Decorations] CAPPING events from decorations provider vscode.git 1268
2023-12-14 20:27:32.346 [warning] [Decorations] CAPPING events from decorations provider vscode.git 1268
2023-12-14 20:27:37.374 [warning] [Decorations] CAPPING events from decorations provider vscode.git 1268
2023-12-14 20:27:42.403 [warning] [Decorations] CAPPING events from decorations provider vscode.git 1268
2023-12-14 20:27:47.429 [warning] [Decorations] CAPPING events from decorations provider vscode.git 1268
2023-12-14 20:27:52.456 [warning] [Decorations] CAPPING events from decorations provider vscode.git 1268
2023-12-14 20:27:57.482 [warning] [Decorations] CAPPING events from decorations provider vscode.git 1268
2023-12-14 20:28:02.514 [warning] [Decorations] CAPPING events from decorations provider vscode.git 1268
2023-12-14 20:28:07.546 [warning] [Decorations] CAPPING events from decorations provider vscode.git 1268
2023-12-14 20:28:12.578 [warning] [Decorations] CAPPING events from decorations provider vscode.git 1268
2023-12-14 20:28:17.610 [warning] [Decorations] CAPPING events from decorations provider vscode.git 1268
2023-12-14 20:28:22.648 [warning] [Decorations] CAPPING events from decorations provider vscode.git 1268
2023-12-14 20:28:27.677 [warning] [Decorations] CAPPING events from decorations provider vscode.git 1268
2023-12-14 20:28:37.974 [warning] [Decorations] CAPPING events from decorations provider vscode.git 1268
2023-12-14 20:28:43.007 [warning] [Decorations] CAPPING events from decorations provider vscode.git 1268
2023-12-14 20:28:49.308 [warning] [Decorations] CAPPING events from decorations provider vscode.git 1268
2023-12-14 20:28:54.337 [warning] [Decorations] CAPPING events from decorations provider vscode.git 1268
2023-12-14 20:28:59.371 [warning] [Decorations] CAPPING events from decorations provider vscode.git 1268
2023-12-14 20:29:04.403 [warning] [Decorations] CAPPING events from decorations provider vscode.git 1268
2023-12-14 20:29:09.437 [warning] [Decorations] CAPPING events from decorations provider vscode.git 1268
2023-12-14 20:29:14.464 [warning] [Decorations] CAPPING events from decorations provider vscode.git 1268
2023-12-14 20:29:19.493 [warning] [Decorations] CAPPING events from decorations provider vscode.git 1268
2023-12-14 20:29:24.526 [warning] [Decorations] CAPPING events from decorations provider vscode.git 1268
2023-12-14 20:29:29.557 [warning] [Decorations] CAPPING events from decorations provider vscode.git 1268
2023-12-14 20:29:34.591 [warning] [Decorations] CAPPING events from decorations provider vscode.git 1268
2023-12-14 20:29:39.622 [warning] [Decorations] CAPPING events from decorations provider vscode.git 1268
2023-12-14 20:29:44.648 [warning] [Decorations] CAPPING events from decorations provider vscode.git 1268
2023-12-14 20:29:49.681 [warning] [Decorations] CAPPING events from decorations provider vscode.git 1268
2023-12-14 20:29:54.709 [warning] [Decorations] CAPPING events from decorations provider vscode.git 1268
2023-12-14 20:29:59.741 [warning] [Decorations] CAPPING events from decorations provider vscode.git 1268
2023-12-14 20:30:04.771 [warning] [Decorations] CAPPING events from decorations provider vscode.git 1268
2023-12-14 20:30:10.374 [warning] [Decorations] CAPPING events from decorations provider vscode.git 1268
2023-12-14 20:30:27.244 [warning] [Decorations] CAPPING events from decorations provider vscode.git 1268
2023-12-14 20:30:32.273 [warning] [Decorations] CAPPING events from decorations provider vscode.git 1268
2023-12-14 20:30:37.301 [warning] [Decorations] CAPPING events from decorations provider vscode.git 1268
2023-12-14 20:30:42.347 [warning] [Decorations] CAPPING events from decorations provider vscode.git 1268
2023-12-14 20:30:47.375 [warning] [Decorations] CAPPING events from decorations provider vscode.git 1268
2023-12-14 20:30:52.409 [warning] [Decorations] CAPPING events from decorations provider vscode.git 1268
2023-12-14 20:31:11.505 [warning] [Decorations] CAPPING events from decorations provider vscode.git 1269
2023-12-14 20:31:16.537 [warning] [Decorations] CAPPING events from decorations provider vscode.git 1269
2023-12-14 20:31:21.565 [warning] [Decorations] CAPPING events from decorations provider vscode.git 1269
2023-12-14 20:31:26.595 [warning] [Decorations] CAPPING events from decorations provider vscode.git 1269
2023-12-14 20:31:31.621 [warning] [Decorations] CAPPING events from decorations provider vscode.git 1269
2023-12-14 20:31:36.652 [warning] [Decorations] CAPPING events from decorations provider vscode.git 1269
2023-12-14 20:31:41.682 [warning] [Decorations] CAPPING events from decorations provider vscode.git 1269
2023-12-14 20:31:46.714 [warning] [Decorations] CAPPING events from decorations provider vscode.git 1269
2023-12-14 20:31:51.741 [warning] [Decorations] CAPPING events from decorations provider vscode.git 1269
2023-12-14 20:31:56.770 [warning] [Decorations] CAPPING events from decorations provider vscode.git 1269
2023-12-14 20:32:01.806 [warning] [Decorations] CAPPING events from decorations provider vscode.git 1269
2023-12-14 20:32:05.603 [info] ExtensionService#_doActivateExtension vscode.npm, startup: false, activationEvent: 'onTerminalQuickFixRequest:ms-vscode.npm-command'
2023-12-14 20:32:06.849 [warning] [Decorations] CAPPING events from decorations provider vscode.git 1270
