2023-12-14 18:35:50.461 [info] Extension host with pid 113 started
2023-12-14 18:35:50.502 [info] ExtensionService#_doActivateExtension vscode.emmet, startup: false, activationEvent: 'onLanguage'
2023-12-14 18:35:50.503 [info] ExtensionService#_doActivateExtension vscode.css-language-features, startup: false, activationEvent: 'onLanguage:css'
2023-12-14 18:35:50.531 [info] Lock '/home/kndnao621/.vscode-server/data/User/workspaceStorage/b05c208b7979169cbeeab68806a4168a/vscode.lock': Lock acquired.
2023-12-14 18:35:51.075 [info] ExtensionService#_doActivateExtension vscode.git-base, startup: true, activationEvent: '*', root cause: vscode.git
2023-12-14 18:35:51.167 [info] ExtensionService#_doActivateExtension vscode.git, startup: true, activationEvent: '*'
2023-12-14 18:35:51.168 [info] ExtensionService#_doActivateExtension vscode.github, startup: true, activationEvent: '*'
2023-12-14 18:35:51.565 [info] Eager extensions activated
2023-12-14 18:35:51.566 [info] ExtensionService#_doActivateExtension vscode.debug-auto-launch, startup: false, activationEvent: 'onStartupFinished'
2023-12-14 18:35:51.567 [info] ExtensionService#_doActivateExtension vscode.merge-conflict, startup: false, activationEvent: 'onStartupFinished'
2023-12-14 18:35:51.885 [warning] [Decorations] CAPPING events from decorations provider vscode.git 1256
2023-12-14 18:35:52.371 [warning] [Decorations] CAPPING events from decorations provider vscode.git 1259
2023-12-14 18:36:21.795 [warning] [Decorations] CAPPING events from decorations provider vscode.git 1259
2023-12-14 18:36:26.830 [warning] [Decorations] CAPPING events from decorations provider vscode.git 1259
2023-12-14 18:36:31.865 [warning] [Decorations] CAPPING events from decorations provider vscode.git 1259
2023-12-14 18:36:36.903 [warning] [Decorations] CAPPING events from decorations provider vscode.git 1259
2023-12-14 18:36:41.938 [warning] [Decorations] CAPPING events from decorations provider vscode.git 1259
2023-12-14 18:36:46.974 [warning] [Decorations] CAPPING events from decorations provider vscode.git 1259
2023-12-14 18:36:52.009 [warning] [Decorations] CAPPING events from decorations provider vscode.git 1259
2023-12-14 18:36:57.047 [warning] [Decorations] CAPPING events from decorations provider vscode.git 1259
2023-12-14 18:37:02.096 [warning] [Decorations] CAPPING events from decorations provider vscode.git 1259
2023-12-14 18:37:07.136 [warning] [Decorations] CAPPING events from decorations provider vscode.git 1259
2023-12-14 18:37:12.171 [warning] [Decorations] CAPPING events from decorations provider vscode.git 1259
2023-12-14 18:37:17.209 [warning] [Decorations] CAPPING events from decorations provider vscode.git 1259
2023-12-14 18:37:22.251 [warning] [Decorations] CAPPING events from decorations provider vscode.git 1259
2023-12-14 18:37:27.287 [warning] [Decorations] CAPPING events from decorations provider vscode.git 1259
2023-12-14 18:37:32.325 [warning] [Decorations] CAPPING events from decorations provider vscode.git 1259
2023-12-14 18:37:37.362 [warning] [Decorations] CAPPING events from decorations provider vscode.git 1259
2023-12-14 18:37:42.402 [warning] [Decorations] CAPPING events from decorations provider vscode.git 1259
2023-12-14 18:37:47.447 [warning] [Decorations] CAPPING events from decorations provider vscode.git 1259
2023-12-14 18:37:52.486 [warning] [Decorations] CAPPING events from decorations provider vscode.git 1259
2023-12-14 18:37:57.523 [warning] [Decorations] CAPPING events from decorations provider vscode.git 1259
2023-12-14 18:38:02.560 [warning] [Decorations] CAPPING events from decorations provider vscode.git 1259
2023-12-14 18:38:07.595 [warning] [Decorations] CAPPING events from decorations provider vscode.git 1259
2023-12-14 18:38:12.632 [warning] [Decorations] CAPPING events from decorations provider vscode.git 1259
2023-12-14 18:38:17.668 [warning] [Decorations] CAPPING events from decorations provider vscode.git 1259
2023-12-14 18:38:22.703 [warning] [Decorations] CAPPING events from decorations provider vscode.git 1259
2023-12-14 18:38:27.743 [warning] [Decorations] CAPPING events from decorations provider vscode.git 1259
2023-12-14 18:38:32.780 [warning] [Decorations] CAPPING events from decorations provider vscode.git 1259
2023-12-14 18:38:37.820 [warning] [Decorations] CAPPING events from decorations provider vscode.git 1259
2023-12-14 18:38:42.858 [warning] [Decorations] CAPPING events from decorations provider vscode.git 1259
2023-12-14 18:38:47.901 [warning] [Decorations] CAPPING events from decorations provider vscode.git 1259
2023-12-14 18:38:55.232 [warning] [Decorations] CAPPING events from decorations provider vscode.git 1259
2023-12-14 18:39:00.271 [warning] [Decorations] CAPPING events from decorations provider vscode.git 1259
2023-12-14 18:39:05.309 [warning] [Decorations] CAPPING events from decorations provider vscode.git 1259
2023-12-14 18:39:10.346 [warning] [Decorations] CAPPING events from decorations provider vscode.git 1259
2023-12-14 18:39:15.379 [warning] [Decorations] CAPPING events from decorations provider vscode.git 1259
2023-12-14 18:39:20.419 [warning] [Decorations] CAPPING events from decorations provider vscode.git 1259
2023-12-14 18:39:25.456 [warning] [Decorations] CAPPING events from decorations provider vscode.git 1259
2023-12-14 18:39:30.518 [warning] [Decorations] CAPPING events from decorations provider vscode.git 1259
2023-12-14 18:39:35.558 [warning] [Decorations] CAPPING events from decorations provider vscode.git 1259
2023-12-14 18:39:40.598 [warning] [Decorations] CAPPING events from decorations provider vscode.git 1259
2023-12-14 18:39:45.633 [warning] [Decorations] CAPPING events from decorations provider vscode.git 1259
2023-12-14 18:39:50.673 [warning] [Decorations] CAPPING events from decorations provider vscode.git 1259
2023-12-14 18:39:55.711 [warning] [Decorations] CAPPING events from decorations provider vscode.git 1259
2023-12-14 18:40:00.747 [warning] [Decorations] CAPPING events from decorations provider vscode.git 1259
2023-12-14 18:40:05.790 [warning] [Decorations] CAPPING events from decorations provider vscode.git 1259
2023-12-14 18:40:10.829 [warning] [Decorations] CAPPING events from decorations provider vscode.git 1259
2023-12-14 18:40:15.865 [warning] [Decorations] CAPPING events from decorations provider vscode.git 1259
2023-12-14 18:40:20.900 [warning] [Decorations] CAPPING events from decorations provider vscode.git 1259
2023-12-14 18:40:25.938 [warning] [Decorations] CAPPING events from decorations provider vscode.git 1259
2023-12-14 18:40:30.983 [warning] [Decorations] CAPPING events from decorations provider vscode.git 1259
2023-12-14 18:40:36.017 [warning] [Decorations] CAPPING events from decorations provider vscode.git 1259
2023-12-14 18:40:41.052 [warning] [Decorations] CAPPING events from decorations provider vscode.git 1259
2023-12-14 18:40:46.095 [warning] [Decorations] CAPPING events from decorations provider vscode.git 1259
2023-12-14 18:40:51.408 [warning] [Decorations] CAPPING events from decorations provider vscode.git 1259
2023-12-14 18:40:56.450 [warning] [Decorations] CAPPING events from decorations provider vscode.git 1259
2023-12-14 18:41:01.497 [warning] [Decorations] CAPPING events from decorations provider vscode.git 1259
2023-12-14 18:41:06.540 [warning] [Decorations] CAPPING events from decorations provider vscode.git 1259
2023-12-14 18:41:11.589 [warning] [Decorations] CAPPING events from decorations provider vscode.git 1259
2023-12-14 18:41:16.627 [warning] [Decorations] CAPPING events from decorations provider vscode.git 1259
2023-12-14 18:41:21.679 [warning] [Decorations] CAPPING events from decorations provider vscode.git 1259
2023-12-14 18:43:31.944 [warning] [Decorations] CAPPING events from decorations provider vscode.git 1259
2023-12-14 18:43:36.999 [warning] [Decorations] CAPPING events from decorations provider vscode.git 1259
2023-12-14 18:43:42.055 [warning] [Decorations] CAPPING events from decorations provider vscode.git 1259
2023-12-14 18:43:47.097 [warning] [Decorations] CAPPING events from decorations provider vscode.git 1259
2023-12-14 18:43:52.156 [warning] [Decorations] CAPPING events from decorations provider vscode.git 1259
2023-12-14 18:43:57.193 [warning] [Decorations] CAPPING events from decorations provider vscode.git 1259
2023-12-14 18:44:02.242 [warning] [Decorations] CAPPING events from decorations provider vscode.git 1259
2023-12-14 18:44:07.279 [warning] [Decorations] CAPPING events from decorations provider vscode.git 1259
2023-12-14 18:44:12.310 [warning] [Decorations] CAPPING events from decorations provider vscode.git 1259
2023-12-14 18:44:17.342 [warning] [Decorations] CAPPING events from decorations provider vscode.git 1259
2023-12-14 18:44:22.374 [warning] [Decorations] CAPPING events from decorations provider vscode.git 1259
2023-12-14 18:44:27.412 [warning] [Decorations] CAPPING events from decorations provider vscode.git 1259
2023-12-14 18:44:32.448 [warning] [Decorations] CAPPING events from decorations provider vscode.git 1259
2023-12-14 18:44:37.485 [warning] [Decorations] CAPPING events from decorations provider vscode.git 1259
2023-12-14 18:44:42.520 [warning] [Decorations] CAPPING events from decorations provider vscode.git 1259
2023-12-14 18:44:47.557 [warning] [Decorations] CAPPING events from decorations provider vscode.git 1259
2023-12-14 18:44:52.594 [warning] [Decorations] CAPPING events from decorations provider vscode.git 1259
2023-12-14 18:44:57.649 [warning] [Decorations] CAPPING events from decorations provider vscode.git 1259
2023-12-14 18:45:02.706 [warning] [Decorations] CAPPING events from decorations provider vscode.git 1259
2023-12-14 18:45:07.743 [warning] [Decorations] CAPPING events from decorations provider vscode.git 1259
2023-12-14 18:45:13.064 [warning] [Decorations] CAPPING events from decorations provider vscode.git 1259
2023-12-14 18:45:18.104 [warning] [Decorations] CAPPING events from decorations provider vscode.git 1259
2023-12-14 18:45:23.137 [warning] [Decorations] CAPPING events from decorations provider vscode.git 1259
2023-12-14 18:45:28.176 [warning] [Decorations] CAPPING events from decorations provider vscode.git 1259
2023-12-14 18:45:33.217 [warning] [Decorations] CAPPING events from decorations provider vscode.git 1259
2023-12-14 18:45:38.262 [warning] [Decorations] CAPPING events from decorations provider vscode.git 1259
2023-12-14 18:45:43.308 [warning] [Decorations] CAPPING events from decorations provider vscode.git 1259
2023-12-14 18:45:48.353 [warning] [Decorations] CAPPING events from decorations provider vscode.git 1259
2023-12-14 18:45:53.398 [warning] [Decorations] CAPPING events from decorations provider vscode.git 1259
2023-12-14 18:45:58.440 [warning] [Decorations] CAPPING events from decorations provider vscode.git 1259
2023-12-14 18:46:03.474 [warning] [Decorations] CAPPING events from decorations provider vscode.git 1259
2023-12-14 18:46:08.520 [warning] [Decorations] CAPPING events from decorations provider vscode.git 1259
2023-12-14 18:46:13.565 [warning] [Decorations] CAPPING events from decorations provider vscode.git 1259
2023-12-14 18:46:18.620 [warning] [Decorations] CAPPING events from decorations provider vscode.git 1259
2023-12-14 18:46:23.656 [warning] [Decorations] CAPPING events from decorations provider vscode.git 1259
2023-12-14 18:46:28.688 [warning] [Decorations] CAPPING events from decorations provider vscode.git 1259
2023-12-14 18:46:33.721 [warning] [Decorations] CAPPING events from decorations provider vscode.git 1259
2023-12-14 18:46:38.761 [warning] [Decorations] CAPPING events from decorations provider vscode.git 1259
2023-12-14 18:46:43.799 [warning] [Decorations] CAPPING events from decorations provider vscode.git 1259
2023-12-14 18:46:48.832 [warning] [Decorations] CAPPING events from decorations provider vscode.git 1259
2023-12-14 18:46:53.869 [warning] [Decorations] CAPPING events from decorations provider vscode.git 1259
2023-12-14 18:46:58.908 [warning] [Decorations] CAPPING events from decorations provider vscode.git 1259
2023-12-14 18:47:03.946 [warning] [Decorations] CAPPING events from decorations provider vscode.git 1259
2023-12-14 18:47:10.245 [warning] [Decorations] CAPPING events from decorations provider vscode.git 1259
2023-12-14 18:47:15.274 [warning] [Decorations] CAPPING events from decorations provider vscode.git 1259
2023-12-14 18:47:20.312 [warning] [Decorations] CAPPING events from decorations provider vscode.git 1259
2023-12-14 18:47:25.349 [warning] [Decorations] CAPPING events from decorations provider vscode.git 1259
2023-12-14 18:47:30.389 [warning] [Decorations] CAPPING events from decorations provider vscode.git 1259
2023-12-14 18:47:35.435 [warning] [Decorations] CAPPING events from decorations provider vscode.git 1259
2023-12-14 18:47:40.466 [warning] [Decorations] CAPPING events from decorations provider vscode.git 1259
2023-12-14 18:47:45.505 [warning] [Decorations] CAPPING events from decorations provider vscode.git 1259
2023-12-14 18:47:50.546 [warning] [Decorations] CAPPING events from decorations provider vscode.git 1259
2023-12-14 18:47:55.586 [warning] [Decorations] CAPPING events from decorations provider vscode.git 1259
2023-12-14 18:48:00.619 [warning] [Decorations] CAPPING events from decorations provider vscode.git 1259
2023-12-14 18:48:05.667 [warning] [Decorations] CAPPING events from decorations provider vscode.git 1259
2023-12-14 18:48:10.717 [warning] [Decorations] CAPPING events from decorations provider vscode.git 1259
2023-12-14 18:48:15.770 [warning] [Decorations] CAPPING events from decorations provider vscode.git 1259
2023-12-14 18:48:20.803 [warning] [Decorations] CAPPING events from decorations provider vscode.git 1259
2023-12-14 18:48:26.623 [warning] [Decorations] CAPPING events from decorations provider vscode.git 1259
2023-12-14 18:48:33.103 [warning] [Decorations] CAPPING events from decorations provider vscode.git 1259
2023-12-14 18:48:39.844 [warning] [Decorations] CAPPING events from decorations provider vscode.git 1259
2023-12-14 18:48:46.537 [warning] [Decorations] CAPPING events from decorations provider vscode.git 1259
2023-12-14 18:48:53.015 [warning] [Decorations] CAPPING events from decorations provider vscode.git 1259
2023-12-14 18:49:00.398 [warning] [Decorations] CAPPING events from decorations provider vscode.git 1259
2023-12-14 18:49:06.611 [warning] [Decorations] CAPPING events from decorations provider vscode.git 1259
2023-12-14 18:49:12.743 [warning] [Decorations] CAPPING events from decorations provider vscode.git 1259
2023-12-14 18:49:20.195 [warning] [Decorations] CAPPING events from decorations provider vscode.git 1259
2023-12-14 18:49:27.236 [warning] [Decorations] CAPPING events from decorations provider vscode.git 1259
2023-12-14 18:49:33.880 [warning] [Decorations] CAPPING events from decorations provider vscode.git 1259
2023-12-14 18:49:40.411 [warning] [Decorations] CAPPING events from decorations provider vscode.git 1259
2023-12-14 18:49:46.906 [warning] [Decorations] CAPPING events from decorations provider vscode.git 1259
2023-12-14 18:49:53.846 [warning] [Decorations] CAPPING events from decorations provider vscode.git 1259
2023-12-14 18:49:59.711 [warning] [Decorations] CAPPING events from decorations provider vscode.git 1259
2023-12-14 18:50:11.834 [warning] [Decorations] CAPPING events from decorations provider vscode.git 1259
2023-12-14 18:50:51.154 [warning] [Decorations] CAPPING events from decorations provider vscode.git 1259
2023-12-14 18:51:05.927 [warning] [Decorations] CAPPING events from decorations provider vscode.git 1259
2023-12-14 18:53:02.303 [warning] [Decorations] CAPPING events from decorations provider vscode.git 1259
2023-12-14 18:53:16.879 [warning] [Decorations] CAPPING events from decorations provider vscode.git 1259
2023-12-14 18:53:31.998 [warning] [Decorations] CAPPING events from decorations provider vscode.git 1259
